[debug] [2022-08-16T19:09:14.452Z] ----------------------------------------------------------------------
[debug] [2022-08-16T19:09:14.454Z] Command:       /usr/local/bin/node /usr/local/bin/firebase emulators:start --only functions
[debug] [2022-08-16T19:09:14.454Z] CLI Version:   11.3.0
[debug] [2022-08-16T19:09:14.454Z] Platform:      linux
[debug] [2022-08-16T19:09:14.454Z] Node Version:  v18.4.0
[debug] [2022-08-16T19:09:14.454Z] Time:          Tue Aug 16 2022 12:09:14 GMT-0700 (Pacific Daylight Time)
[debug] [2022-08-16T19:09:14.454Z] ----------------------------------------------------------------------
[debug] 
[debug] [2022-08-16T19:09:14.495Z] > command requires scopes: ["email","openid","https://www.googleapis.com/auth/cloudplatformprojects.readonly","https://www.googleapis.com/auth/firebase","https://www.googleapis.com/auth/cloud-platform"]
[debug] [2022-08-16T19:09:14.495Z] > authorizing via signed-in user (db@davidballowe.com)
[info] i  emulators: Starting emulators: functions {"metadata":{"emulator":{"name":"hub"},"message":"Starting emulators: functions"}}
[warn] ⚠  emulators: It seems that you are running multiple instances of the emulator suite for project zawn-d7f63. This may result in unexpected behavior. 
[debug] [2022-08-16T19:09:14.544Z] [hub] writing locator at /tmp/hub-zawn-d7f63.json
[warn] ⚠  functions: The following emulators are not running, calls to these services from the Functions emulator will affect production: auth, firestore, database, hosting, pubsub, storage {"metadata":{"emulator":{"name":"functions"},"message":"The following emulators are not running, calls to these services from the Functions emulator will affect production: \u001b[1mauth, firestore, database, hosting, pubsub, storage\u001b[22m"}}
[warn] ⚠  Your requested "node" version "16" doesn't match your global version "18". Using node@18 from host. {"metadata":{"emulator":{"name":"functions"},"message":"Your requested \"node\" version \"16\" doesn't match your global version \"18\". Using node@18 from host."}}
[debug] [2022-08-16T19:09:14.582Z] defaultcredentials: writing to file /home/david/.config/firebase/db_davidballowe_com_application_default_credentials.json
[debug] [2022-08-16T19:09:14.583Z] Setting GAC to /home/david/.config/firebase/db_davidballowe_com_application_default_credentials.json {"metadata":{"emulator":{"name":"functions"},"message":"Setting GAC to /home/david/.config/firebase/db_davidballowe_com_application_default_credentials.json"}}
[debug] [2022-08-16T19:09:14.584Z] >>> [apiv2][query] GET https://firebase.googleapis.com/v1beta1/projects/zawn-d7f63/adminSdkConfig [none]
[debug] [2022-08-16T19:09:15.014Z] <<< [apiv2][status] GET https://firebase.googleapis.com/v1beta1/projects/zawn-d7f63/adminSdkConfig 200
[debug] [2022-08-16T19:09:15.014Z] <<< [apiv2][body] GET https://firebase.googleapis.com/v1beta1/projects/zawn-d7f63/adminSdkConfig {"projectId":"zawn-d7f63","storageBucket":"zawn-d7f63.appspot.com","locationId":"us-central"}
[warn] ⚠  ui: Emulator UI unable to start on port 4000, starting on 4002 instead. {"metadata":{"emulator":{"name":"ui"},"message":"Emulator UI unable to start on port 4000, starting on 4002 instead."}}
[debug] [2022-08-16T19:09:15.050Z] Ignoring unsupported arg: auto_download {"metadata":{"emulator":{"name":"ui"},"message":"Ignoring unsupported arg: auto_download"}}
[debug] [2022-08-16T19:09:15.050Z] Ignoring unsupported arg: port {"metadata":{"emulator":{"name":"ui"},"message":"Ignoring unsupported arg: port"}}
[debug] [2022-08-16T19:09:15.050Z] Starting Emulator UI with command {"binary":"node","args":["/home/david/.cache/firebase/emulators/ui-v1.8.1/server/server.js"],"optionalArgs":[],"joinArgs":false} {"metadata":{"emulator":{"name":"ui"},"message":"Starting Emulator UI with command {\"binary\":\"node\",\"args\":[\"/home/david/.cache/firebase/emulators/ui-v1.8.1/server/server.js\"],\"optionalArgs\":[],\"joinArgs\":false}"}}
[info] i  ui: Emulator UI logging to ui-debug.log {"metadata":{"emulator":{"name":"ui"},"message":"Emulator UI logging to \u001b[1mui-debug.log\u001b[22m"}}
[debug] [2022-08-16T19:09:15.127Z] Web / API server started at localhost:4002
 {"metadata":{"emulator":{"name":"ui"},"message":"Web / API server started at localhost:4002\n"}}
[info] i  functions: Watching "/home/david/GitHub/CHO/functions" for Cloud Functions... {"metadata":{"emulator":{"name":"functions"},"message":"Watching \"/home/david/GitHub/CHO/functions\" for Cloud Functions..."}}
[debug] [2022-08-16T19:09:15.331Z] Validating nodejs source
[debug] [2022-08-16T19:09:16.178Z] > [functions] package.json contents: {
  "name": "functions",
  "description": "Cloud Functions for Firebase",
  "scripts": {
    "lint": "eslint .",
    "serve": "firebase emulators:start --only functions",
    "shell": "firebase functions:shell",
    "start": "npm run shell",
    "deploy": "firebase deploy --only functions",
    "logs": "firebase functions:log"
  },
  "engines": {
    "node": "16"
  },
  "main": "index.js",
  "dependencies": {
    "firebase-admin": "^10.0.2",
    "firebase-functions": "^3.18.0",
    "stripe": "^10.2.0"
  },
  "devDependencies": {
    "@babel/eslint-parser": "^7.18.9",
    "eslint": "^8.9.0",
    "eslint-config-google": "^0.14.0",
    "firebase-functions-test": "^0.2.0"
  },
  "private": true
}
[debug] [2022-08-16T19:09:16.178Z] Building nodejs source
[debug] [2022-08-16T19:09:16.178Z] Analyzing nodejs backend spec
[debug] [2022-08-16T19:09:16.179Z] Could not find functions.yaml. Must use http discovery
[debug] [2022-08-16T19:09:16.261Z] Serving at port 9005

[debug] [2022-08-16T19:09:16.316Z] Got response from /__/functions.yaml {"endpoints":{"api":{"platform":"gcfv1","httpsTrigger":{},"entryPoint":"api"}},"specVersion":"v1alpha1","requiredAPIs":[]}
[debug] [2022-08-16T19:09:16.320Z] shutdown requested via /__/quitquitquit

[info] ✔  functions[us-central1-api]: http function initialized (http://localhost:5001/zawn-d7f63/us-central1/api). {"metadata":{"emulator":{"name":"functions"},"message":"\u001b[1mhttp\u001b[22m function initialized (http://localhost:5001/zawn-d7f63/us-central1/api)."}}
[info] 
┌─────────────────────────────────────────────────────────────┐
│ ✔  All emulators ready! It is now safe to connect your app. │
│ i  View Emulator UI at http://localhost:4002                │
└─────────────────────────────────────────────────────────────┘

┌───────────┬────────────────┬─────────────────────────────────┐
│ Emulator  │ Host:Port      │ View in Emulator UI             │
├───────────┼────────────────┼─────────────────────────────────┤
│ Functions │ localhost:5001 │ http://localhost:4002/functions │
└───────────┴────────────────┴─────────────────────────────────┘
  Emulator Hub running at localhost:4400
  Other reserved ports: 4500

Issues? Report them at https://github.com/firebase/firebase-tools/issues and attach the *-debug.log files.
 
[debug] [2022-08-16T19:09:27.464Z] [work-queue] {"queueLength":1,"workRunningCount":0}
[debug] [2022-08-16T19:09:27.465Z] [work-queue] {"queueLength":0,"workRunningCount":1}
[debug] [2022-08-16T19:09:27.465Z] Accepted request OPTIONS /zawn-d7f63/us-central1/api/payments/create --> us-central1-api
[debug] [2022-08-16T19:09:27.478Z] [worker-pool] addWorker(us-central1-api) {"metadata":{"emulator":{"name":"functions"},"message":"[worker-pool] addWorker(us-central1-api)"}}
[debug] [2022-08-16T19:09:27.479Z] [worker-pool] Adding worker with key us-central1-api, total=1 {"metadata":{"emulator":{"name":"functions"},"message":"[worker-pool] Adding worker with key us-central1-api, total=1"}}
[debug] [2022-08-16T19:09:27.479Z] [worker-pool] submitWork(triggerId=us-central1-api) {"metadata":{"emulator":{"name":"functions"},"message":"[worker-pool] submitWork(triggerId=us-central1-api)"}}
[debug] [2022-08-16T19:09:27.479Z] [worker-us-central1-api-e8cf103a-0ae1-495d-9213-b52a1df12fdd]: BUSY {"metadata":{"emulator":{"name":"functions"},"message":"[worker-us-central1-api-e8cf103a-0ae1-495d-9213-b52a1df12fdd]: BUSY"}}
[debug] [2022-08-16T19:09:27.946Z] [runtime-status] [83477] Resolved module firebase-admin {"declared":true,"installed":true,"version":"10.3.0","resolution":"/home/david/GitHub/CHO/functions/node_modules/firebase-admin/lib/index.js"} {"metadata":{"emulator":{"name":"functions"},"function":{"name":"us-central1-api"},"extension":{},"message":"[runtime-status] [83477] Resolved module firebase-admin {\"declared\":true,\"installed\":true,\"version\":\"10.3.0\",\"resolution\":\"/home/david/GitHub/CHO/functions/node_modules/firebase-admin/lib/index.js\"}"}}
[debug] [2022-08-16T19:09:27.947Z] [runtime-status] [83477] Resolved module firebase-functions {"declared":true,"installed":true,"version":"3.22.0","resolution":"/home/david/GitHub/CHO/functions/node_modules/firebase-functions/lib/index.js"} {"metadata":{"emulator":{"name":"functions"},"function":{"name":"us-central1-api"},"extension":{},"message":"[runtime-status] [83477] Resolved module firebase-functions {\"declared\":true,\"installed\":true,\"version\":\"3.22.0\",\"resolution\":\"/home/david/GitHub/CHO/functions/node_modules/firebase-functions/lib/index.js\"}"}}
[debug] [2022-08-16T19:09:27.947Z] [runtime-status] [83477] Outgoing network have been stubbed. [{"name":"http","status":"mocked"},{"name":"http","status":"mocked"},{"name":"https","status":"mocked"},{"name":"https","status":"mocked"},{"name":"net","status":"mocked"}] {"metadata":{"emulator":{"name":"functions"},"function":{"name":"us-central1-api"},"extension":{},"message":"[runtime-status] [83477] Outgoing network have been stubbed. [{\"name\":\"http\",\"status\":\"mocked\"},{\"name\":\"http\",\"status\":\"mocked\"},{\"name\":\"https\",\"status\":\"mocked\"},{\"name\":\"https\",\"status\":\"mocked\"},{\"name\":\"net\",\"status\":\"mocked\"}]"}}
[debug] [2022-08-16T19:09:27.948Z] [runtime-status] [83477] Resolved module firebase-functions {"declared":true,"installed":true,"version":"3.22.0","resolution":"/home/david/GitHub/CHO/functions/node_modules/firebase-functions/lib/index.js"} {"metadata":{"emulator":{"name":"functions"},"function":{"name":"us-central1-api"},"extension":{},"message":"[runtime-status] [83477] Resolved module firebase-functions {\"declared\":true,\"installed\":true,\"version\":\"3.22.0\",\"resolution\":\"/home/david/GitHub/CHO/functions/node_modules/firebase-functions/lib/index.js\"}"}}
[debug] [2022-08-16T19:09:27.968Z] [runtime-status] [83477] Checked functions.config() {"config":{}} {"metadata":{"emulator":{"name":"functions"},"function":{"name":"us-central1-api"},"extension":{},"message":"[runtime-status] [83477] Checked functions.config() {\"config\":{}}"}}
[debug] [2022-08-16T19:09:27.968Z] [runtime-status] [83477] firebase-functions has been stubbed. {"functionsResolution":{"declared":true,"installed":true,"version":"3.22.0","resolution":"/home/david/GitHub/CHO/functions/node_modules/firebase-functions/lib/index.js"}} {"metadata":{"emulator":{"name":"functions"},"function":{"name":"us-central1-api"},"extension":{},"message":"[runtime-status] [83477] firebase-functions has been stubbed. {\"functionsResolution\":{\"declared\":true,\"installed\":true,\"version\":\"3.22.0\",\"resolution\":\"/home/david/GitHub/CHO/functions/node_modules/firebase-functions/lib/index.js\"}}"}}
[debug] [2022-08-16T19:09:27.968Z] [runtime-status] [83477] Resolved module firebase-functions {"declared":true,"installed":true,"version":"3.22.0","resolution":"/home/david/GitHub/CHO/functions/node_modules/firebase-functions/lib/index.js"} {"metadata":{"emulator":{"name":"functions"},"function":{"name":"us-central1-api"},"extension":{},"message":"[runtime-status] [83477] Resolved module firebase-functions {\"declared\":true,\"installed\":true,\"version\":\"3.22.0\",\"resolution\":\"/home/david/GitHub/CHO/functions/node_modules/firebase-functions/lib/index.js\"}"}}
[debug] [2022-08-16T19:09:27.969Z] [runtime-status] [83477] Resolved module firebase-admin {"declared":true,"installed":true,"version":"10.3.0","resolution":"/home/david/GitHub/CHO/functions/node_modules/firebase-admin/lib/index.js"} {"metadata":{"emulator":{"name":"functions"},"function":{"name":"us-central1-api"},"extension":{},"message":"[runtime-status] [83477] Resolved module firebase-admin {\"declared\":true,\"installed\":true,\"version\":\"10.3.0\",\"resolution\":\"/home/david/GitHub/CHO/functions/node_modules/firebase-admin/lib/index.js\"}"}}
[debug] [2022-08-16T19:09:27.969Z] [runtime-status] [83477] Resolved module firebase-functions {"declared":true,"installed":true,"version":"3.22.0","resolution":"/home/david/GitHub/CHO/functions/node_modules/firebase-functions/lib/index.js"} {"metadata":{"emulator":{"name":"functions"},"function":{"name":"us-central1-api"},"extension":{},"message":"[runtime-status] [83477] Resolved module firebase-functions {\"declared\":true,\"installed\":true,\"version\":\"3.22.0\",\"resolution\":\"/home/david/GitHub/CHO/functions/node_modules/firebase-functions/lib/index.js\"}"}}
[debug] [2022-08-16T19:09:27.970Z] [runtime-status] [83477] firebase-admin has been stubbed. {"adminResolution":{"declared":true,"installed":true,"version":"10.3.0","resolution":"/home/david/GitHub/CHO/functions/node_modules/firebase-admin/lib/index.js"}} {"metadata":{"emulator":{"name":"functions"},"function":{"name":"us-central1-api"},"extension":{},"message":"[runtime-status] [83477] firebase-admin has been stubbed. {\"adminResolution\":{\"declared\":true,\"installed\":true,\"version\":\"10.3.0\",\"resolution\":\"/home/david/GitHub/CHO/functions/node_modules/firebase-admin/lib/index.js\"}}"}}
[debug] [2022-08-16T19:09:27.970Z] [runtime-status] [83477] Functions runtime initialized. {"cwd":"/home/david/GitHub/CHO/functions","node_version":"18.4.0"} {"metadata":{"emulator":{"name":"functions"},"function":{"name":"us-central1-api"},"extension":{},"message":"[runtime-status] [83477] Functions runtime initialized. {\"cwd\":\"/home/david/GitHub/CHO/functions\",\"node_version\":\"18.4.0\"}"}}
[debug] [2022-08-16T19:09:28.024Z] [runtime-status] [83477] Beginning invocation function api! {"metadata":{"emulator":{"name":"functions"},"function":{"name":"us-central1-api"},"extension":{},"message":"[runtime-status] [83477] Beginning invocation function api!"}}
[info] i  functions: Beginning execution of "api" {"metadata":{"emulator":{"name":"functions"},"function":{"name":"us-central1-api"},"extension":{},"message":"Beginning execution of \"api\""}}
[debug] [2022-08-16T19:09:28.024Z] [runtime-status] [83477] Running api in signature http {"metadata":{"emulator":{"name":"functions"},"function":{"name":"us-central1-api"},"extension":{},"message":"[runtime-status] [83477] Running api in signature http"}}
[debug] [2022-08-16T19:09:28.027Z] [runtime-status] [83477] Attempting to listen to port: /tmp/fire_emu_203851600af6d19b.sock {"metadata":{"emulator":{"name":"functions"},"function":{"name":"us-central1-api"},"extension":{},"message":"[runtime-status] [83477] Attempting to listen to port: /tmp/fire_emu_203851600af6d19b.sock"}}
[debug] [2022-08-16T19:09:28.092Z] [functions] Runtime ready! Sending request! {"metadata":{"emulator":{"name":"functions"},"message":"[functions] Runtime ready! Sending request!"}}
[debug] [2022-08-16T19:09:28.093Z] [functions] Got req.url=/zawn-d7f63/us-central1/api/payments/create, mapping to path=/payments/create {"metadata":{"emulator":{"name":"functions"},"message":"[functions] Got req.url=/zawn-d7f63/us-central1/api/payments/create, mapping to path=/payments/create"}}
[debug] [2022-08-16T19:09:28.095Z] [runtime-status] [83477] Ephemeral server handling OPTIONS request {"metadata":{"emulator":{"name":"functions"},"function":{"name":"us-central1-api"},"extension":{},"message":"[runtime-status] [83477] Ephemeral server handling OPTIONS request"}}
[debug] [2022-08-16T19:09:28.097Z] [runtime-status] [83477] Ephemeral server survived. {"metadata":{"emulator":{"name":"functions"},"function":{"name":"us-central1-api"},"extension":{},"message":"[runtime-status] [83477] Ephemeral server survived."}}
[info] i  functions: Finished "api" in ~1s {"metadata":{"emulator":{"name":"functions"},"function":{"name":"us-central1-api"},"extension":{},"message":"Finished \"api\" in ~1s"}}
[debug] [2022-08-16T19:09:28.098Z] [worker-us-central1-api-e8cf103a-0ae1-495d-9213-b52a1df12fdd]: IDLE {"metadata":{"emulator":{"name":"functions"},"message":"[worker-us-central1-api-e8cf103a-0ae1-495d-9213-b52a1df12fdd]: IDLE"}}
[debug] [2022-08-16T19:09:28.098Z] [work-queue] {"queueLength":0,"workRunningCount":0}
[debug] [2022-08-16T19:09:28.101Z] [work-queue] {"queueLength":1,"workRunningCount":0}
[debug] [2022-08-16T19:09:28.101Z] [work-queue] {"queueLength":0,"workRunningCount":1}
[debug] [2022-08-16T19:09:28.101Z] Accepted request POST /zawn-d7f63/us-central1/api/payments/create --> us-central1-api
[debug] [2022-08-16T19:09:28.101Z] [worker-pool] submitWork(triggerId=us-central1-api) {"metadata":{"emulator":{"name":"functions"},"message":"[worker-pool] submitWork(triggerId=us-central1-api)"}}
[debug] [2022-08-16T19:09:28.102Z] [worker-us-central1-api-e8cf103a-0ae1-495d-9213-b52a1df12fdd]: BUSY {"metadata":{"emulator":{"name":"functions"},"message":"[worker-us-central1-api-e8cf103a-0ae1-495d-9213-b52a1df12fdd]: BUSY"}}
[debug] [2022-08-16T19:09:28.108Z] [runtime-status] [83477] Beginning invocation function api! {"metadata":{"emulator":{"name":"functions"},"function":{"name":"us-central1-api"},"extension":{},"message":"[runtime-status] [83477] Beginning invocation function api!"}}
[info] i  functions: Beginning execution of "api" {"metadata":{"emulator":{"name":"functions"},"function":{"name":"us-central1-api"},"extension":{},"message":"Beginning execution of \"api\""}}
[debug] [2022-08-16T19:09:28.109Z] [runtime-status] [83477] Running api in signature http {"metadata":{"emulator":{"name":"functions"},"function":{"name":"us-central1-api"},"extension":{},"message":"[runtime-status] [83477] Running api in signature http"}}
[debug] [2022-08-16T19:09:28.109Z] [runtime-status] [83477] Attempting to listen to port: /tmp/fire_emu_203851600af6d19b.sock {"metadata":{"emulator":{"name":"functions"},"function":{"name":"us-central1-api"},"extension":{},"message":"[runtime-status] [83477] Attempting to listen to port: /tmp/fire_emu_203851600af6d19b.sock"}}
[debug] [2022-08-16T19:09:28.208Z] [functions] Runtime ready! Sending request! {"metadata":{"emulator":{"name":"functions"},"message":"[functions] Runtime ready! Sending request!"}}
[debug] [2022-08-16T19:09:28.209Z] [functions] Got req.url=/zawn-d7f63/us-central1/api/payments/create, mapping to path=/payments/create {"metadata":{"emulator":{"name":"functions"},"message":"[functions] Got req.url=/zawn-d7f63/us-central1/api/payments/create, mapping to path=/payments/create"}}
[debug] [2022-08-16T19:09:28.223Z] [runtime-status] [83477] Ephemeral server handling POST request {"metadata":{"emulator":{"name":"functions"},"function":{"name":"us-central1-api"},"extension":{},"message":"[runtime-status] [83477] Ephemeral server handling POST request"}}
[debug] [2022-08-16T19:09:28.237Z] [runtime-status] [83477] Ephemeral server survived. {"metadata":{"emulator":{"name":"functions"},"function":{"name":"us-central1-api"},"extension":{},"message":"[runtime-status] [83477] Ephemeral server survived."}}
[info] i  functions: Finished "api" in ~1s {"metadata":{"emulator":{"name":"functions"},"function":{"name":"us-central1-api"},"extension":{},"message":"Finished \"api\" in ~1s"}}
[debug] [2022-08-16T19:09:28.490Z] [worker-us-central1-api-e8cf103a-0ae1-495d-9213-b52a1df12fdd]: IDLE {"metadata":{"emulator":{"name":"functions"},"message":"[worker-us-central1-api-e8cf103a-0ae1-495d-9213-b52a1df12fdd]: IDLE"}}
[debug] [2022-08-16T19:09:28.491Z] [work-queue] {"queueLength":0,"workRunningCount":0}
[debug] [2022-08-16T19:11:05.623Z] File /home/david/GitHub/CHO/functions/index.js changed, reloading triggers {"metadata":{"emulator":{"name":"functions"},"message":"File /home/david/GitHub/CHO/functions/index.js changed, reloading triggers"}}
[debug] [2022-08-16T19:11:06.623Z] [worker-pool] Shutting down IDLE worker (us-central1-api) {"metadata":{"emulator":{"name":"functions"},"message":"[worker-pool] Shutting down IDLE worker (us-central1-api)"}}
[debug] [2022-08-16T19:11:06.623Z] [worker-us-central1-api-e8cf103a-0ae1-495d-9213-b52a1df12fdd]: FINISHING {"metadata":{"emulator":{"name":"functions"},"message":"[worker-us-central1-api-e8cf103a-0ae1-495d-9213-b52a1df12fdd]: FINISHING"}}
[debug] [2022-08-16T19:11:06.625Z] Validating nodejs source
[debug] [2022-08-16T19:11:07.440Z] > [functions] package.json contents: {
  "name": "functions",
  "description": "Cloud Functions for Firebase",
  "scripts": {
    "lint": "eslint .",
    "serve": "firebase emulators:start --only functions",
    "shell": "firebase functions:shell",
    "start": "npm run shell",
    "deploy": "firebase deploy --only functions",
    "logs": "firebase functions:log"
  },
  "engines": {
    "node": "16"
  },
  "main": "index.js",
  "dependencies": {
    "firebase-admin": "^10.0.2",
    "firebase-functions": "^3.18.0",
    "stripe": "^10.2.0"
  },
  "devDependencies": {
    "@babel/eslint-parser": "^7.18.9",
    "eslint": "^8.9.0",
    "eslint-config-google": "^0.14.0",
    "firebase-functions-test": "^0.2.0"
  },
  "private": true
}
[debug] [2022-08-16T19:11:07.440Z] Building nodejs source
[debug] [2022-08-16T19:11:07.440Z] Analyzing nodejs backend spec
[debug] [2022-08-16T19:11:07.440Z] Could not find functions.yaml. Must use http discovery
[debug] [2022-08-16T19:11:07.441Z] [worker-us-central1-api-e8cf103a-0ae1-495d-9213-b52a1df12fdd]: exited {"metadata":{"emulator":{"name":"functions"},"message":"[worker-us-central1-api-e8cf103a-0ae1-495d-9213-b52a1df12fdd]: exited"}}
[debug] [2022-08-16T19:11:07.441Z] [worker-us-central1-api-e8cf103a-0ae1-495d-9213-b52a1df12fdd]: FINISHED {"metadata":{"emulator":{"name":"functions"},"message":"[worker-us-central1-api-e8cf103a-0ae1-495d-9213-b52a1df12fdd]: FINISHED"}}
[debug] [2022-08-16T19:11:07.524Z] Serving at port 9005

[debug] [2022-08-16T19:11:07.576Z] Got response from /__/functions.yaml {"endpoints":{"api":{"platform":"gcfv1","httpsTrigger":{},"entryPoint":"api"}},"specVersion":"v1alpha1","requiredAPIs":[]}
[debug] [2022-08-16T19:11:07.580Z] shutdown requested via /__/quitquitquit

[debug] [2022-08-16T19:11:16.438Z] [work-queue] {"queueLength":1,"workRunningCount":0}
[debug] [2022-08-16T19:11:16.438Z] [work-queue] {"queueLength":0,"workRunningCount":1}
[debug] [2022-08-16T19:11:16.438Z] Accepted request OPTIONS /zawn-d7f63/us-central1/api/payments/create --> us-central1-api
[debug] [2022-08-16T19:11:16.438Z] [worker-pool] Cleaned up workers for us-central1-api: 1 --> 0 {"metadata":{"emulator":{"name":"functions"},"message":"[worker-pool] Cleaned up workers for us-central1-api: 1 --> 0"}}
[debug] [2022-08-16T19:11:16.446Z] [worker-pool] addWorker(us-central1-api) {"metadata":{"emulator":{"name":"functions"},"message":"[worker-pool] addWorker(us-central1-api)"}}
[debug] [2022-08-16T19:11:16.447Z] [worker-pool] Adding worker with key us-central1-api, total=1 {"metadata":{"emulator":{"name":"functions"},"message":"[worker-pool] Adding worker with key us-central1-api, total=1"}}
[debug] [2022-08-16T19:11:16.447Z] [worker-pool] submitWork(triggerId=us-central1-api) {"metadata":{"emulator":{"name":"functions"},"message":"[worker-pool] submitWork(triggerId=us-central1-api)"}}
[debug] [2022-08-16T19:11:16.447Z] [worker-us-central1-api-3942252d-4533-4899-81f4-34d7b70843d1]: BUSY {"metadata":{"emulator":{"name":"functions"},"message":"[worker-us-central1-api-3942252d-4533-4899-81f4-34d7b70843d1]: BUSY"}}
[debug] [2022-08-16T19:11:16.907Z] [runtime-status] [83649] Resolved module firebase-admin {"declared":true,"installed":true,"version":"10.3.0","resolution":"/home/david/GitHub/CHO/functions/node_modules/firebase-admin/lib/index.js"} {"metadata":{"emulator":{"name":"functions"},"function":{"name":"us-central1-api"},"extension":{},"message":"[runtime-status] [83649] Resolved module firebase-admin {\"declared\":true,\"installed\":true,\"version\":\"10.3.0\",\"resolution\":\"/home/david/GitHub/CHO/functions/node_modules/firebase-admin/lib/index.js\"}"}}
[debug] [2022-08-16T19:11:16.908Z] [runtime-status] [83649] Resolved module firebase-functions {"declared":true,"installed":true,"version":"3.22.0","resolution":"/home/david/GitHub/CHO/functions/node_modules/firebase-functions/lib/index.js"} {"metadata":{"emulator":{"name":"functions"},"function":{"name":"us-central1-api"},"extension":{},"message":"[runtime-status] [83649] Resolved module firebase-functions {\"declared\":true,\"installed\":true,\"version\":\"3.22.0\",\"resolution\":\"/home/david/GitHub/CHO/functions/node_modules/firebase-functions/lib/index.js\"}"}}
[debug] [2022-08-16T19:11:16.908Z] [runtime-status] [83649] Outgoing network have been stubbed. [{"name":"http","status":"mocked"},{"name":"http","status":"mocked"},{"name":"https","status":"mocked"},{"name":"https","status":"mocked"},{"name":"net","status":"mocked"}] {"metadata":{"emulator":{"name":"functions"},"function":{"name":"us-central1-api"},"extension":{},"message":"[runtime-status] [83649] Outgoing network have been stubbed. [{\"name\":\"http\",\"status\":\"mocked\"},{\"name\":\"http\",\"status\":\"mocked\"},{\"name\":\"https\",\"status\":\"mocked\"},{\"name\":\"https\",\"status\":\"mocked\"},{\"name\":\"net\",\"status\":\"mocked\"}]"}}
[debug] [2022-08-16T19:11:16.909Z] [runtime-status] [83649] Resolved module firebase-functions {"declared":true,"installed":true,"version":"3.22.0","resolution":"/home/david/GitHub/CHO/functions/node_modules/firebase-functions/lib/index.js"} {"metadata":{"emulator":{"name":"functions"},"function":{"name":"us-central1-api"},"extension":{},"message":"[runtime-status] [83649] Resolved module firebase-functions {\"declared\":true,\"installed\":true,\"version\":\"3.22.0\",\"resolution\":\"/home/david/GitHub/CHO/functions/node_modules/firebase-functions/lib/index.js\"}"}}
[debug] [2022-08-16T19:11:16.929Z] [runtime-status] [83649] Checked functions.config() {"config":{}} {"metadata":{"emulator":{"name":"functions"},"function":{"name":"us-central1-api"},"extension":{},"message":"[runtime-status] [83649] Checked functions.config() {\"config\":{}}"}}
[debug] [2022-08-16T19:11:16.929Z] [runtime-status] [83649] firebase-functions has been stubbed. {"functionsResolution":{"declared":true,"installed":true,"version":"3.22.0","resolution":"/home/david/GitHub/CHO/functions/node_modules/firebase-functions/lib/index.js"}} {"metadata":{"emulator":{"name":"functions"},"function":{"name":"us-central1-api"},"extension":{},"message":"[runtime-status] [83649] firebase-functions has been stubbed. {\"functionsResolution\":{\"declared\":true,\"installed\":true,\"version\":\"3.22.0\",\"resolution\":\"/home/david/GitHub/CHO/functions/node_modules/firebase-functions/lib/index.js\"}}"}}
[debug] [2022-08-16T19:11:16.930Z] [runtime-status] [83649] Resolved module firebase-functions {"declared":true,"installed":true,"version":"3.22.0","resolution":"/home/david/GitHub/CHO/functions/node_modules/firebase-functions/lib/index.js"} {"metadata":{"emulator":{"name":"functions"},"function":{"name":"us-central1-api"},"extension":{},"message":"[runtime-status] [83649] Resolved module firebase-functions {\"declared\":true,\"installed\":true,\"version\":\"3.22.0\",\"resolution\":\"/home/david/GitHub/CHO/functions/node_modules/firebase-functions/lib/index.js\"}"}}
[debug] [2022-08-16T19:11:16.930Z] [runtime-status] [83649] Resolved module firebase-admin {"declared":true,"installed":true,"version":"10.3.0","resolution":"/home/david/GitHub/CHO/functions/node_modules/firebase-admin/lib/index.js"} {"metadata":{"emulator":{"name":"functions"},"function":{"name":"us-central1-api"},"extension":{},"message":"[runtime-status] [83649] Resolved module firebase-admin {\"declared\":true,\"installed\":true,\"version\":\"10.3.0\",\"resolution\":\"/home/david/GitHub/CHO/functions/node_modules/firebase-admin/lib/index.js\"}"}}
[debug] [2022-08-16T19:11:16.930Z] [runtime-status] [83649] Resolved module firebase-functions {"declared":true,"installed":true,"version":"3.22.0","resolution":"/home/david/GitHub/CHO/functions/node_modules/firebase-functions/lib/index.js"} {"metadata":{"emulator":{"name":"functions"},"function":{"name":"us-central1-api"},"extension":{},"message":"[runtime-status] [83649] Resolved module firebase-functions {\"declared\":true,\"installed\":true,\"version\":\"3.22.0\",\"resolution\":\"/home/david/GitHub/CHO/functions/node_modules/firebase-functions/lib/index.js\"}"}}
[debug] [2022-08-16T19:11:16.930Z] [runtime-status] [83649] firebase-admin has been stubbed. {"adminResolution":{"declared":true,"installed":true,"version":"10.3.0","resolution":"/home/david/GitHub/CHO/functions/node_modules/firebase-admin/lib/index.js"}} {"metadata":{"emulator":{"name":"functions"},"function":{"name":"us-central1-api"},"extension":{},"message":"[runtime-status] [83649] firebase-admin has been stubbed. {\"adminResolution\":{\"declared\":true,\"installed\":true,\"version\":\"10.3.0\",\"resolution\":\"/home/david/GitHub/CHO/functions/node_modules/firebase-admin/lib/index.js\"}}"}}
[debug] [2022-08-16T19:11:16.931Z] [runtime-status] [83649] Functions runtime initialized. {"cwd":"/home/david/GitHub/CHO/functions","node_version":"18.4.0"} {"metadata":{"emulator":{"name":"functions"},"function":{"name":"us-central1-api"},"extension":{},"message":"[runtime-status] [83649] Functions runtime initialized. {\"cwd\":\"/home/david/GitHub/CHO/functions\",\"node_version\":\"18.4.0\"}"}}
[debug] [2022-08-16T19:11:16.985Z] [runtime-status] [83649] Beginning invocation function api! {"metadata":{"emulator":{"name":"functions"},"function":{"name":"us-central1-api"},"extension":{},"message":"[runtime-status] [83649] Beginning invocation function api!"}}
[info] i  functions: Beginning execution of "api" {"metadata":{"emulator":{"name":"functions"},"function":{"name":"us-central1-api"},"extension":{},"message":"Beginning execution of \"api\""}}
[debug] [2022-08-16T19:11:16.986Z] [runtime-status] [83649] Running api in signature http {"metadata":{"emulator":{"name":"functions"},"function":{"name":"us-central1-api"},"extension":{},"message":"[runtime-status] [83649] Running api in signature http"}}
[debug] [2022-08-16T19:11:16.988Z] [runtime-status] [83649] Attempting to listen to port: /tmp/fire_emu_c9c047a6da9689b3.sock {"metadata":{"emulator":{"name":"functions"},"function":{"name":"us-central1-api"},"extension":{},"message":"[runtime-status] [83649] Attempting to listen to port: /tmp/fire_emu_c9c047a6da9689b3.sock"}}
[debug] [2022-08-16T19:11:17.058Z] [functions] Runtime ready! Sending request! {"metadata":{"emulator":{"name":"functions"},"message":"[functions] Runtime ready! Sending request!"}}
[debug] [2022-08-16T19:11:17.058Z] [functions] Got req.url=/zawn-d7f63/us-central1/api/payments/create, mapping to path=/payments/create {"metadata":{"emulator":{"name":"functions"},"message":"[functions] Got req.url=/zawn-d7f63/us-central1/api/payments/create, mapping to path=/payments/create"}}
[debug] [2022-08-16T19:11:17.059Z] [runtime-status] [83649] Ephemeral server handling OPTIONS request {"metadata":{"emulator":{"name":"functions"},"function":{"name":"us-central1-api"},"extension":{},"message":"[runtime-status] [83649] Ephemeral server handling OPTIONS request"}}
[debug] [2022-08-16T19:11:17.060Z] [runtime-status] [83649] Ephemeral server survived. {"metadata":{"emulator":{"name":"functions"},"function":{"name":"us-central1-api"},"extension":{},"message":"[runtime-status] [83649] Ephemeral server survived."}}
[info] i  functions: Finished "api" in ~1s {"metadata":{"emulator":{"name":"functions"},"function":{"name":"us-central1-api"},"extension":{},"message":"Finished \"api\" in ~1s"}}
[debug] [2022-08-16T19:11:17.061Z] [worker-us-central1-api-3942252d-4533-4899-81f4-34d7b70843d1]: IDLE {"metadata":{"emulator":{"name":"functions"},"message":"[worker-us-central1-api-3942252d-4533-4899-81f4-34d7b70843d1]: IDLE"}}
[debug] [2022-08-16T19:11:17.061Z] [work-queue] {"queueLength":0,"workRunningCount":0}
[debug] [2022-08-16T19:11:17.063Z] [work-queue] {"queueLength":1,"workRunningCount":0}
[debug] [2022-08-16T19:11:17.064Z] [work-queue] {"queueLength":0,"workRunningCount":1}
[debug] [2022-08-16T19:11:17.064Z] Accepted request POST /zawn-d7f63/us-central1/api/payments/create --> us-central1-api
[debug] [2022-08-16T19:11:17.064Z] [worker-pool] submitWork(triggerId=us-central1-api) {"metadata":{"emulator":{"name":"functions"},"message":"[worker-pool] submitWork(triggerId=us-central1-api)"}}
[debug] [2022-08-16T19:11:17.064Z] [worker-us-central1-api-3942252d-4533-4899-81f4-34d7b70843d1]: BUSY {"metadata":{"emulator":{"name":"functions"},"message":"[worker-us-central1-api-3942252d-4533-4899-81f4-34d7b70843d1]: BUSY"}}
[debug] [2022-08-16T19:11:17.071Z] [runtime-status] [83649] Beginning invocation function api! {"metadata":{"emulator":{"name":"functions"},"function":{"name":"us-central1-api"},"extension":{},"message":"[runtime-status] [83649] Beginning invocation function api!"}}
[info] i  functions: Beginning execution of "api" {"metadata":{"emulator":{"name":"functions"},"function":{"name":"us-central1-api"},"extension":{},"message":"Beginning execution of \"api\""}}
[debug] [2022-08-16T19:11:17.072Z] [runtime-status] [83649] Running api in signature http {"metadata":{"emulator":{"name":"functions"},"function":{"name":"us-central1-api"},"extension":{},"message":"[runtime-status] [83649] Running api in signature http"}}
[debug] [2022-08-16T19:11:17.072Z] [runtime-status] [83649] Attempting to listen to port: /tmp/fire_emu_c9c047a6da9689b3.sock {"metadata":{"emulator":{"name":"functions"},"function":{"name":"us-central1-api"},"extension":{},"message":"[runtime-status] [83649] Attempting to listen to port: /tmp/fire_emu_c9c047a6da9689b3.sock"}}
[debug] [2022-08-16T19:11:17.166Z] [functions] Runtime ready! Sending request! {"metadata":{"emulator":{"name":"functions"},"message":"[functions] Runtime ready! Sending request!"}}
[debug] [2022-08-16T19:11:17.166Z] [functions] Got req.url=/zawn-d7f63/us-central1/api/payments/create, mapping to path=/payments/create {"metadata":{"emulator":{"name":"functions"},"message":"[functions] Got req.url=/zawn-d7f63/us-central1/api/payments/create, mapping to path=/payments/create"}}
[debug] [2022-08-16T19:11:17.172Z] [runtime-status] [83649] Ephemeral server handling POST request {"metadata":{"emulator":{"name":"functions"},"function":{"name":"us-central1-api"},"extension":{},"message":"[runtime-status] [83649] Ephemeral server handling POST request"}}
[debug] [2022-08-16T19:11:17.179Z] [runtime-status] [83649] Ephemeral server survived. {"metadata":{"emulator":{"name":"functions"},"function":{"name":"us-central1-api"},"extension":{},"message":"[runtime-status] [83649] Ephemeral server survived."}}
[info] i  functions: Finished "api" in ~1s {"metadata":{"emulator":{"name":"functions"},"function":{"name":"us-central1-api"},"extension":{},"message":"Finished \"api\" in ~1s"}}
[debug] [2022-08-16T19:11:17.618Z] [worker-us-central1-api-3942252d-4533-4899-81f4-34d7b70843d1]: IDLE {"metadata":{"emulator":{"name":"functions"},"message":"[worker-us-central1-api-3942252d-4533-4899-81f4-34d7b70843d1]: IDLE"}}
[debug] [2022-08-16T19:11:17.618Z] [work-queue] {"queueLength":0,"workRunningCount":0}
